2023-11-13 17:38:37 Loading main app package /tmp/.mount_ObsidiKQvCDI/resources/obsidian.asar
2023-11-13 17:38:37 Checking for update using Github
2023-11-13 17:38:38 Success.
2023-11-13 17:38:38 Latest version is 1.4.16
2023-11-13 17:38:38 App is up to date.
2023-11-13 17:48:38 Loading main app package /tmp/.mount_obsidi81Hgwr/resources/obsidian.asar
2023-11-13 17:48:38 Checking for update using Github
2023-11-13 17:48:39 Success.
2023-11-13 17:48:39 Latest version is 1.4.16
2023-11-13 17:48:39 App is up to date.
2023-11-13 17:48:58 Loading main app package /tmp/.mount_obsidiYr1eFU/resources/obsidian.asar
2023-11-13 17:48:58 Checking for update using Github
2023-11-13 17:48:58 Success.
2023-11-13 17:48:58 Latest version is 1.4.16
2023-11-13 17:48:58 App is up to date.
2023-11-13 17:51:53 Loading main app package /tmp/.mount_obsidiEIqZ3H/resources/obsidian.asar
2023-11-13 17:51:57 Checking for update using Github
2023-11-13 17:51:58 Success.
2023-11-13 17:51:58 Latest version is 1.4.16
2023-11-13 17:51:58 App is up to date.
2023-11-13 17:52:53 Loading main app package /tmp/.mount_obsidiJxZRYC/resources/obsidian.asar
2023-11-13 17:52:54 Checking for update using Github
2023-11-13 17:52:54 Success.
2023-11-13 17:52:54 Latest version is 1.4.16
2023-11-13 17:52:54 App is up to date.
2023-11-13 17:55:41 Loading main app package /tmp/.mount_obsidinEKlNN/resources/obsidian.asar
2023-11-13 17:55:41 Checking for update using Github
2023-11-13 17:57:20 Loading main app package /tmp/.mount_obsidiFsPoMY/resources/obsidian.asar
2023-11-13 17:57:20 Checking for update using Github
2023-11-13 17:57:21 Success.
2023-11-13 17:57:21 Latest version is 1.4.16
2023-11-13 17:57:21 App is up to date.
2023-11-13 18:57:20 Checking for update using Github
2023-11-13 18:57:20 Success.
2023-11-13 18:57:20 Latest version is 1.4.16
2023-11-13 18:57:20 App is up to date.
2023-11-14 04:27:54 Loading main app package /tmp/.mount_obsidiwurgSA/resources/obsidian.asar
2023-11-14 04:27:54 Checking for update using Github
2023-11-14 04:27:55 Success.
2023-11-14 04:27:55 Latest version is 1.4.16
2023-11-14 04:27:55 App is up to date.
2023-11-14 04:36:08 Loading main app package /tmp/.mount_obsidiOPVtS3/resources/obsidian.asar
2023-11-14 04:36:10 Checking for update using Github
2023-11-14 04:45:58 Loading main app package /tmp/.mount_obsidiG5r5ft/resources/obsidian.asar
2023-11-14 04:45:58 Checking for update using Github
2023-11-14 04:45:58 Success.
2023-11-14 04:45:58 Latest version is 1.4.16
2023-11-14 04:45:58 App is up to date.
2023-11-14 05:45:58 Checking for update using Github
2023-11-14 05:45:58 Success.
2023-11-14 05:45:58 Latest version is 1.4.16
2023-11-14 05:45:58 App is up to date.
2023-11-14 06:45:58 Checking for update using Github
2023-11-14 06:45:58 Success.
2023-11-14 06:45:58 Latest version is 1.4.16
2023-11-14 06:45:58 App is up to date.
2023-11-14 07:45:58 Checking for update using Github
2023-11-14 07:45:58 Success.
2023-11-14 07:45:58 Latest version is 1.4.16
2023-11-14 07:45:58 App is up to date.
2023-11-14 08:45:58 Checking for update using Github
2023-11-14 08:45:59 Success.
2023-11-14 08:45:59 Latest version is 1.4.16
2023-11-14 08:45:59 App is up to date.
2023-11-14 09:45:58 Checking for update using Github
2023-11-14 09:45:59 Success.
2023-11-14 09:45:59 Latest version is 1.4.16
2023-11-14 09:45:59 App is up to date.
2023-11-14 10:45:58 Checking for update using Github
2023-11-14 10:45:59 Success.
2023-11-14 10:45:59 Latest version is 1.4.16
2023-11-14 10:45:59 App is up to date.
2023-11-14 11:45:58 Checking for update using Github
2023-11-14 11:45:59 Success.
2023-11-14 11:45:59 Latest version is 1.4.16
2023-11-14 11:45:59 App is up to date.
2023-11-14 17:07:16 Loading main app package /tmp/.mount_obsidir4XVlz/resources/obsidian.asar
2023-11-14 17:07:16 Checking for update using Github
2023-11-14 17:07:16 Success.
2023-11-14 17:07:16 Latest version is 1.4.16
2023-11-14 17:07:16 App is up to date.
2023-11-14 18:07:16 Checking for update using Github
2023-11-14 18:07:16 Success.
2023-11-14 18:07:16 Latest version is 1.4.16
2023-11-14 18:07:16 App is up to date.
2023-11-14 19:07:16 Checking for update using Github
2023-11-14 19:07:16 Success.
2023-11-14 19:07:16 Latest version is 1.4.16
2023-11-14 19:07:16 App is up to date.
2023-11-15 04:22:03 Loading main app package /tmp/.mount_obsidiFx6q6m/resources/obsidian.asar
2023-11-15 04:22:03 Checking for update using Github
2023-11-15 04:22:04 Success.
2023-11-15 04:22:04 Latest version is 1.4.16
2023-11-15 04:22:04 App is up to date.
2023-11-15 04:50:08 Loading main app package /tmp/.mount_obsidixtSxJJ/resources/obsidian.asar
2023-11-15 04:50:09 Checking for update using Github
2023-11-15 04:50:09 Success.
2023-11-15 04:50:09 Latest version is 1.4.16
2023-11-15 04:50:09 App is up to date.
2023-11-15 05:50:09 Checking for update using Github
2023-11-15 05:50:09 Success.
2023-11-15 05:50:09 Latest version is 1.4.16
2023-11-15 05:50:09 App is up to date.
2023-11-15 06:50:09 Checking for update using Github
2023-11-15 06:50:09 Success.
2023-11-15 06:50:09 Latest version is 1.4.16
2023-11-15 06:50:09 App is up to date.
2023-11-15 07:50:09 Checking for update using Github
2023-11-15 07:50:09 Success.
2023-11-15 07:50:09 Latest version is 1.4.16
2023-11-15 07:50:09 App is up to date.
2023-11-15 08:50:09 Checking for update using Github
2023-11-15 08:50:09 Success.
2023-11-15 08:50:09 Latest version is 1.4.16
2023-11-15 08:50:09 App is up to date.
2023-11-15 09:50:09 Checking for update using Github
2023-11-15 09:50:09 Success.
2023-11-15 09:50:09 Latest version is 1.4.16
2023-11-15 09:50:09 App is up to date.
2023-11-15 10:50:09 Checking for update using Github
2023-11-15 10:50:09 Success.
2023-11-15 10:50:09 Latest version is 1.4.16
2023-11-15 10:50:09 App is up to date.
2023-11-15 11:50:09 Checking for update using Github
2023-11-15 11:50:09 Success.
2023-11-15 11:50:09 Latest version is 1.4.16
2023-11-15 11:50:09 App is up to date.
2023-11-15 16:01:41 Loading main app package /tmp/.mount_obsidikrwawh/resources/obsidian.asar
2023-11-15 16:01:42 Checking for update using Github
2023-11-15 16:01:42 Success.
2023-11-15 16:01:42 Latest version is 1.4.16
2023-11-15 16:01:42 App is up to date.
2023-11-15 17:06:58 Loading main app package /tmp/.mount_obsidiWTs2Ff/resources/obsidian.asar
2023-11-15 17:06:58 Checking for update using Github
2023-11-15 17:06:59 Success.
2023-11-15 17:06:59 Latest version is 1.4.16
2023-11-15 17:06:59 App is up to date.
2023-11-15 18:06:58 Checking for update using Github
2023-11-15 18:06:58 Success.
2023-11-15 18:06:58 Latest version is 1.4.16
2023-11-15 18:06:58 App is up to date.
2023-11-15 19:06:58 Checking for update using Github
2023-11-15 19:06:58 Success.
2023-11-15 19:06:58 Latest version is 1.4.16
2023-11-15 19:06:58 App is up to date.
2023-11-16 04:29:06 Loading main app package /tmp/.mount_obsidiK2vYdZ/resources/obsidian.asar
2023-11-16 04:29:06 Checking for update using Github
2023-11-16 04:29:06 Success.
2023-11-16 04:29:06 Latest version is 1.4.16
2023-11-16 04:29:06 App is up to date.
2023-11-16 05:29:06 Checking for update using Github
2023-11-16 05:29:06 Success.
2023-11-16 05:29:06 Latest version is 1.4.16
2023-11-16 05:29:06 App is up to date.
2023-11-16 06:29:06 Checking for update using Github
2023-11-16 06:29:06 Success.
2023-11-16 06:29:06 Latest version is 1.4.16
2023-11-16 06:29:06 App is up to date.
2023-11-16 07:29:06 Checking for update using Github
2023-11-16 07:29:06 Success.
2023-11-16 07:29:06 Latest version is 1.4.16
2023-11-16 07:29:06 App is up to date.
2023-11-16 09:31:21 Loading main app package /tmp/.mount_obsidiJyoXec/resources/obsidian.asar
2023-11-16 09:31:21 Checking for update using Github
2023-11-16 09:31:22 Success.
2023-11-16 09:31:22 Latest version is 1.4.16
2023-11-16 09:31:22 App is up to date.
2023-11-16 10:31:21 Checking for update using Github
2023-11-16 10:31:21 Success.
2023-11-16 10:31:21 Latest version is 1.4.16
2023-11-16 10:31:21 App is up to date.
2023-11-16 11:31:21 Checking for update using Github
2023-11-16 11:31:21 Success.
2023-11-16 11:31:21 Latest version is 1.4.16
2023-11-16 11:31:21 App is up to date.
2023-11-16 16:07:08 Loading main app package /tmp/.mount_obsidi2lLVBO/resources/obsidian.asar
2023-11-16 16:07:08 Checking for update using Github
2023-11-16 16:07:08 Success.
2023-11-16 16:07:08 Latest version is 1.4.16
2023-11-16 16:07:08 App is up to date.
2023-11-16 16:58:35 Loading main app package /tmp/.mount_obsidieJkpJv/resources/obsidian.asar
2023-11-16 16:58:36 Checking for update using Github
2023-11-16 16:58:36 Success.
2023-11-16 16:58:36 Latest version is 1.4.16
2023-11-16 16:58:36 App is up to date.
2023-11-16 17:58:35 Checking for update using Github
2023-11-16 17:58:36 Success.
2023-11-16 17:58:36 Latest version is 1.4.16
2023-11-16 17:58:36 App is up to date.
2023-11-17 04:52:37 Loading main app package /tmp/.mount_obsidiFf6E6u/resources/obsidian.asar
2023-11-17 04:52:38 Checking for update using Github
2023-11-17 04:52:38 Success.
2023-11-17 04:52:38 Latest version is 1.4.16
2023-11-17 04:52:38 App is up to date.
2023-11-17 05:12:36 Loading main app package /tmp/.mount_obsidiPoyadT/resources/obsidian.asar
2023-11-17 05:12:37 Checking for update using Github
2023-11-17 05:12:37 Success.
2023-11-17 05:12:37 Latest version is 1.4.16
2023-11-17 05:12:37 App is up to date.
2023-11-18 06:03:56 Loading main app package /tmp/.mount_obsidijq4vN4/resources/obsidian.asar
2023-11-18 06:03:57 Checking for update using Github
2023-11-18 06:03:57 Success.
2023-11-18 06:03:57 Latest version is 1.4.16
2023-11-18 06:03:57 App is up to date.
2023-11-18 07:03:57 Checking for update using Github
2023-11-18 07:03:57 Success.
2023-11-18 07:03:57 Latest version is 1.4.16
2023-11-18 07:03:57 App is up to date.
2023-11-18 08:03:57 Checking for update using Github
2023-11-18 08:03:57 Success.
2023-11-18 08:03:57 Latest version is 1.4.16
2023-11-18 08:03:57 App is up to date.
2023-11-18 09:03:57 Checking for update using Github
2023-11-18 09:03:57 Success.
2023-11-18 09:03:57 Latest version is 1.4.16
2023-11-18 09:03:57 App is up to date.
2023-11-18 10:03:57 Checking for update using Github
2023-11-18 10:03:57 Success.
2023-11-18 10:03:57 Latest version is 1.4.16
2023-11-18 10:03:57 App is up to date.
2023-11-18 11:03:57 Checking for update using Github
2023-11-18 11:03:57 Success.
2023-11-18 11:03:57 Latest version is 1.4.16
2023-11-18 11:03:57 App is up to date.
2023-11-18 12:03:57 Checking for update using Github
2023-11-18 12:03:57 Success.
2023-11-18 12:03:57 Latest version is 1.4.16
2023-11-18 12:03:57 App is up to date.
2023-11-18 13:03:57 Checking for update using Github
2023-11-18 13:03:58 Success.
2023-11-18 13:03:58 Latest version is 1.4.16
2023-11-18 13:03:58 App is up to date.
2023-11-18 14:03:57 Checking for update using Github
2023-11-18 14:03:58 Success.
2023-11-18 14:03:58 Latest version is 1.4.16
2023-11-18 14:03:58 App is up to date.
2023-11-18 15:03:57 Checking for update using Github
2023-11-18 15:03:58 Success.
2023-11-18 15:03:58 Latest version is 1.4.16
2023-11-18 15:03:58 App is up to date.
2023-11-18 16:03:57 Checking for update using Github
2023-11-18 16:03:58 Success.
2023-11-18 16:03:58 Latest version is 1.4.16
2023-11-18 16:03:58 App is up to date.
2023-11-18 17:03:57 Checking for update using Github
2023-11-18 17:03:58 Success.
2023-11-18 17:03:58 Latest version is 1.4.16
2023-11-18 17:03:58 App is up to date.
2023-11-18 18:03:57 Checking for update using Github
2023-11-18 18:03:58 Success.
2023-11-18 18:03:58 Latest version is 1.4.16
2023-11-18 18:03:58 App is up to date.
2023-11-18 19:03:58 Checking for update using Github
2023-11-18 19:03:58 Success.
2023-11-18 19:03:58 Latest version is 1.4.16
2023-11-18 19:03:58 App is up to date.
2023-11-19 14:58:02 Loading main app package /tmp/.mount_obsidieVT7Of/resources/obsidian.asar
2023-11-19 14:58:02 Checking for update using Github
2023-11-19 14:58:03 Success.
2023-11-19 14:58:03 Latest version is 1.4.16
2023-11-19 14:58:03 App is up to date.
2023-11-19 15:58:02 Checking for update using Github
2023-11-19 15:58:02 Success.
2023-11-19 15:58:02 Latest version is 1.4.16
2023-11-19 15:58:02 App is up to date.
2023-11-19 16:58:02 Checking for update using Github
2023-11-19 16:58:02 Success.
2023-11-19 16:58:02 Latest version is 1.4.16
2023-11-19 16:58:02 App is up to date.
2023-11-19 17:58:02 Checking for update using Github
2023-11-19 17:58:02 Success.
2023-11-19 17:58:02 Latest version is 1.4.16
2023-11-19 17:58:02 App is up to date.
2023-11-24 05:08:10 Loading main app package /tmp/.mount_obsidilWQ1rh/resources/obsidian.asar
2023-11-24 05:08:11 Checking for update using Github
2023-11-24 05:08:11 Success.
2023-11-24 05:08:11 Latest version is 1.4.16
2023-11-24 05:08:11 App is up to date.
2023-11-24 11:41:54 Loading main app package /tmp/.mount_obsidiLtXOZS/resources/obsidian.asar
2023-11-24 11:41:54 Checking for update using Github
2023-11-24 11:41:55 Success.
2023-11-24 11:41:55 Latest version is 1.4.16
2023-11-24 11:41:55 App is up to date.
2023-11-27 10:14:15 Loading main app package /tmp/.mount_obsidiHbV4s0/resources/obsidian.asar
2023-11-27 10:14:15 Checking for update using Github
2023-11-27 10:14:16 Success.
2023-11-27 10:14:16 Latest version is 1.4.16
2023-11-27 10:14:16 App is up to date.
2023-11-27 10:14:27 Loading main app package /tmp/.mount_obsidixo8bRM/resources/obsidian.asar
2023-11-27 10:14:28 Checking for update using Github
2023-11-27 10:14:28 Success.
2023-11-27 10:14:28 Latest version is 1.4.16
2023-11-27 10:14:28 App is up to date.
2023-11-27 10:19:33 Loading main app package /tmp/.mount_obsidivrIiMA/resources/obsidian.asar
2023-11-27 10:19:34 Checking for update using Github
2023-11-27 10:19:52 Loading main app package /tmp/.mount_obsidi4JDtWW/resources/obsidian.asar
2023-11-27 10:19:54 Checking for update using Github
2023-11-27 11:14:28 Checking for update using Github
2023-11-27 11:14:28 Success.
2023-11-27 11:14:28 Latest version is 1.4.16
2023-11-27 11:14:28 App is up to date.
2023-11-27 12:14:28 Checking for update using Github
2023-11-27 12:14:28 Success.
2023-11-27 12:14:28 Latest version is 1.4.16
2023-11-27 12:14:28 App is up to date.
2023-11-29 15:59:28 Loading main app package /tmp/.mount_obsidi5uuSij/resources/obsidian.asar
2023-11-29 15:59:28 Checking for update using Github
2023-11-29 15:59:29 Success.
2023-11-29 15:59:29 Latest version is 1.4.16
2023-11-29 15:59:29 App is up to date.
2023-11-29 16:59:28 Checking for update using Github
2023-11-29 16:59:29 Success.
2023-11-29 16:59:29 Latest version is 1.4.16
2023-11-29 16:59:29 App is up to date.
2023-11-29 17:59:28 Checking for update using Github
2023-11-29 17:59:29 Success.
2023-11-29 17:59:29 Latest version is 1.4.16
2023-11-29 17:59:29 App is up to date.
2023-11-30 17:22:34 Loading main app package /tmp/.mount_obsidi52IJNf/resources/obsidian.asar
2023-11-30 17:22:35 Checking for update using Github
2023-11-30 17:22:35 Success.
2023-11-30 17:22:35 Latest version is 1.4.16
2023-11-30 17:22:35 App is up to date.
2023-11-30 18:22:34 Checking for update using Github
2023-11-30 18:22:35 Success.
2023-11-30 18:22:35 Latest version is 1.4.16
2023-11-30 18:22:35 App is up to date.
2023-12-01 16:31:16 Loading main app package /tmp/.mount_obsidivnibi8/resources/obsidian.asar
2023-12-01 16:31:16 Checking for update using Github
2023-12-01 16:31:17 Success.
2023-12-01 16:31:17 Latest version is 1.4.16
2023-12-01 16:31:17 App is up to date.
2023-12-01 17:31:16 Checking for update using Github
2023-12-01 17:31:16 Success.
2023-12-01 17:31:16 Latest version is 1.4.16
2023-12-01 17:31:16 App is up to date.
2023-12-01 18:31:16 Checking for update using Github
2023-12-01 18:31:16 Success.
2023-12-01 18:31:16 Latest version is 1.4.16
2023-12-01 18:31:16 App is up to date.
2023-12-02 05:40:08 Loading main app package /tmp/.mount_obsidiJGFZfg/resources/obsidian.asar
2023-12-02 05:40:08 Checking for update using Github
2023-12-02 05:40:09 Success.
2023-12-02 05:40:09 Latest version is 1.4.16
2023-12-02 05:40:09 App is up to date.
2023-12-02 05:40:10 Loading main app package /tmp/.mount_obsidiTxa9Fm/resources/obsidian.asar
2023-12-02 05:40:11 Checking for update using Github
2023-12-02 05:41:16 Loading main app package /tmp/.mount_obsidiGqdESg/resources/obsidian.asar
2023-12-02 05:41:16 Checking for update using Github
2023-12-02 05:41:28 Loading main app package /tmp/.mount_obsidivd9UiB/resources/obsidian.asar
2023-12-02 05:41:29 Checking for update using Github
2023-12-02 05:41:29 Success.
2023-12-02 05:41:29 Latest version is 1.4.16
2023-12-02 05:41:29 App is up to date.
2023-12-02 05:41:30 Loading main app package /tmp/.mount_obsidi7iJ7NK/resources/obsidian.asar
2023-12-02 05:41:31 Checking for update using Github
2023-12-02 05:43:40 Loading main app package /tmp/.mount_obsidiKp2TWy/resources/obsidian.asar
2023-12-02 05:43:41 Checking for update using Github
2023-12-02 05:43:55 Loading main app package /tmp/.mount_obsidiCJeB53/resources/obsidian.asar
2023-12-02 05:43:55 Checking for update using Github
2023-12-02 05:43:55 Success.
2023-12-02 05:43:55 Latest version is 1.4.16
2023-12-02 05:43:55 App is up to date.
2023-12-02 06:16:15 Loading main app package /tmp/.mount_obsidibuq2pW/resources/obsidian.asar
2023-12-02 06:16:15 Checking for update using Github
2023-12-02 06:16:16 Success.
2023-12-02 06:16:16 Latest version is 1.4.16
2023-12-02 06:16:16 App is up to date.
2023-12-02 06:16:32 Loading main app package /tmp/.mount_obsidi8Q7Mjt/resources/obsidian.asar
2023-12-02 06:16:33 Checking for update using Github
2023-12-02 06:16:33 Success.
2023-12-02 06:16:33 Latest version is 1.4.16
2023-12-02 06:16:33 App is up to date.
2023-12-02 07:16:32 Checking for update using Github
2023-12-02 07:16:33 Success.
2023-12-02 07:16:33 Latest version is 1.4.16
2023-12-02 07:16:33 App is up to date.
2023-12-02 08:16:33 Checking for update using Github
2023-12-02 08:16:33 Success.
2023-12-02 08:16:33 Latest version is 1.4.16
2023-12-02 08:16:33 App is up to date.
2023-12-02 09:16:33 Checking for update using Github
2023-12-02 09:16:33 Success.
2023-12-02 09:16:33 Latest version is 1.4.16
2023-12-02 09:16:33 App is up to date.
2023-12-02 10:16:33 Checking for update using Github
2023-12-02 10:16:33 Success.
2023-12-02 10:16:33 Latest version is 1.4.16
2023-12-02 10:16:33 App is up to date.
2023-12-02 11:16:33 Checking for update using Github
2023-12-02 11:16:33 Success.
2023-12-02 11:16:33 Latest version is 1.4.16
2023-12-02 11:16:33 App is up to date.
2023-12-02 12:16:33 Checking for update using Github
2023-12-02 12:16:33 Success.
2023-12-02 12:16:33 Latest version is 1.4.16
2023-12-02 12:16:33 App is up to date.
2023-12-02 13:16:33 Checking for update using Github
2023-12-02 13:16:33 Success.
2023-12-02 13:16:33 Latest version is 1.4.16
2023-12-02 13:16:33 App is up to date.
2023-12-03 16:52:36 Loading main app package /tmp/.mount_obsidiiclg19/resources/obsidian.asar
2023-12-03 16:52:36 Checking for update using Github
2023-12-03 16:52:37 Success.
2023-12-03 16:52:37 Latest version is 1.4.16
2023-12-03 16:52:37 App is up to date.
2023-12-03 17:52:36 Checking for update using Github
2023-12-03 17:52:36 Success.
2023-12-03 17:52:36 Latest version is 1.4.16
2023-12-03 17:52:36 App is up to date.
2023-12-03 18:52:36 Checking for update using Github
2023-12-03 18:52:36 Success.
2023-12-03 18:52:36 Latest version is 1.4.16
2023-12-03 18:52:36 App is up to date.
2023-12-04 06:46:58 Loading main app package /tmp/.mount_obsidiMkEikh/resources/obsidian.asar
2023-12-04 06:46:59 Checking for update using Github
2023-12-04 06:46:59 Success.
2023-12-04 06:46:59 Latest version is 1.4.16
2023-12-04 06:46:59 App is up to date.
2023-12-04 06:47:08 Loading main app package /tmp/.mount_obsidiKaP6sF/resources/obsidian.asar
2023-12-04 06:47:08 Checking for update using Github
2023-12-04 06:47:08 Success.
2023-12-04 06:47:08 Latest version is 1.4.16
2023-12-04 06:47:08 App is up to date.
2023-12-04 12:10:33 Loading main app package /tmp/.mount_obsidi9kH7Vw/resources/obsidian.asar
2023-12-04 12:10:34 Checking for update using Github
2023-12-04 12:10:34 Success.
2023-12-04 12:10:34 Latest version is 1.4.16
2023-12-04 12:10:34 App is up to date.
2023-12-08 05:55:22 Loading main app package /tmp/.mount_obsidinK2vRP/resources/obsidian.asar
2023-12-08 05:55:22 Checking for update using Github
2023-12-08 05:55:23 Success.
2023-12-08 05:55:23 Latest version is 1.4.16
2023-12-08 05:55:23 App is up to date.
2023-12-10 10:48:39 Loading main app package /tmp/.mount_obsidiI9cBC9/resources/obsidian.asar
2023-12-10 10:48:40 Checking for update using Github
2023-12-10 10:48:40 Success.
2023-12-10 10:48:40 Latest version is 1.4.16
2023-12-10 10:48:40 App is up to date.
2023-12-10 11:48:39 Checking for update using Github
2023-12-10 11:48:40 Success.
2023-12-10 11:48:40 Latest version is 1.4.16
2023-12-10 11:48:40 App is up to date.
2023-12-10 12:48:39 Checking for update using Github
2023-12-10 12:48:40 Success.
2023-12-10 12:48:40 Latest version is 1.4.16
2023-12-10 12:48:40 App is up to date.
2023-12-10 13:48:39 Checking for update using Github
2023-12-10 13:48:40 Success.
2023-12-10 13:48:40 Latest version is 1.4.16
2023-12-10 13:48:40 App is up to date.
2023-12-10 14:48:40 Checking for update using Github
2023-12-10 14:48:40 Success.
2023-12-10 14:48:40 Latest version is 1.4.16
2023-12-10 14:48:40 App is up to date.
2023-12-10 15:48:40 Checking for update using Github
2023-12-10 15:48:40 Success.
2023-12-10 15:48:40 Latest version is 1.4.16
2023-12-10 15:48:40 App is up to date.
2023-12-10 16:48:40 Checking for update using Github
2023-12-10 16:48:40 Success.
2023-12-10 16:48:40 Latest version is 1.4.16
2023-12-10 16:48:40 App is up to date.
2023-12-10 17:48:40 Checking for update using Github
2023-12-10 17:48:40 Success.
2023-12-10 17:48:40 Latest version is 1.4.16
2023-12-10 17:48:40 App is up to date.
2023-12-10 18:48:40 Checking for update using Github
2023-12-10 18:48:40 Success.
2023-12-10 18:48:40 Latest version is 1.4.16
2023-12-10 18:48:40 App is up to date.
2023-12-11 06:23:38 Loading main app package /tmp/.mount_obsidi52IvNi/resources/obsidian.asar
2023-12-11 06:23:39 Checking for update using Github
2023-12-11 06:23:39 Success.
2023-12-11 06:23:39 Latest version is 1.4.16
2023-12-11 06:23:39 App is up to date.
2023-12-11 07:23:38 Checking for update using Github
2023-12-11 07:23:39 Success.
2023-12-11 07:23:39 Latest version is 1.4.16
2023-12-11 07:23:39 App is up to date.
2023-12-11 08:23:38 Checking for update using Github
2023-12-11 08:23:39 Success.
2023-12-11 08:23:39 Latest version is 1.4.16
2023-12-11 08:23:39 App is up to date.
2023-12-11 09:23:38 Checking for update using Github
2023-12-11 09:23:39 Success.
2023-12-11 09:23:39 Latest version is 1.4.16
2023-12-11 09:23:39 App is up to date.
2023-12-11 10:23:39 Checking for update using Github
2023-12-11 10:23:39 Success.
2023-12-11 10:23:39 Latest version is 1.4.16
2023-12-11 10:23:39 App is up to date.
2023-12-11 11:23:39 Checking for update using Github
2023-12-11 11:23:39 Success.
2023-12-11 11:23:39 Latest version is 1.4.16
2023-12-11 11:23:39 App is up to date.
2023-12-11 12:23:39 Checking for update using Github
2023-12-11 12:23:39 Success.
2023-12-11 12:23:39 Latest version is 1.4.16
2023-12-11 12:23:39 App is up to date.
2023-12-11 13:23:39 Checking for update using Github
2023-12-11 13:23:39 Success.
2023-12-11 13:23:39 Latest version is 1.4.16
2023-12-11 13:23:39 App is up to date.
2023-12-11 14:23:39 Checking for update using Github
2023-12-11 14:23:39 Success.
2023-12-11 14:23:39 Latest version is 1.4.16
2023-12-11 14:23:39 App is up to date.
2023-12-13 10:27:33 Loading main app package /tmp/.mount_obsidiqekgmI/resources/obsidian.asar
2023-12-13 10:27:34 Checking for update using Github
2023-12-13 10:27:34 Success.
2023-12-13 10:27:34 Latest version is 1.4.16
2023-12-13 10:27:34 App is up to date.
2023-12-13 11:27:33 Checking for update using Github
2023-12-13 11:27:34 Success.
2023-12-13 11:27:34 Latest version is 1.4.16
2023-12-13 11:27:34 App is up to date.
2023-12-13 12:27:33 Checking for update using Github
2023-12-13 12:27:34 Success.
2023-12-13 12:27:34 Latest version is 1.4.16
2023-12-13 12:27:34 App is up to date.
2023-12-15 05:20:07 Loading main app package /tmp/.mount_obsidiraa851/resources/obsidian.asar
2023-12-15 05:20:08 Checking for update using Github
2023-12-15 05:20:08 Success.
2023-12-15 05:20:08 Latest version is 1.4.16
2023-12-15 05:20:08 App is up to date.
2023-12-17 17:43:17 Loading main app package /tmp/.mount_obsidiRGttRo/resources/obsidian.asar
2023-12-17 17:43:18 Checking for update using Github
2023-12-17 17:43:19 Success.
2023-12-17 17:43:19 Latest version is 1.4.16
2023-12-17 17:43:19 App is up to date.
2023-12-17 18:43:18 Checking for update using Github
2023-12-17 18:43:18 Success.
2023-12-17 18:43:18 Latest version is 1.4.16
2023-12-17 18:43:18 App is up to date.
